<?xml version="1.0" encoding="UTF-8"?>
<testng-results ignored="0" total="1" passed="1" failed="0" skipped="0">
  <reporter-output>
  </reporter-output>
  <suite started-at="2020-12-29T20:52:13 IST" name="Default suite" finished-at="2020-12-29T20:53:23 IST" duration-ms="70705">
    <groups>
    </groups>
    <test started-at="2020-12-29T20:52:13 IST" name="Default test" finished-at="2020-12-29T20:53:23 IST" duration-ms="70705">
      <class name="saucedemo.tests.LoginTest">
        <test-method signature="tc01_login()[pri:0, instance:saucedemo.tests.LoginTest@68267da0]" started-at="2020-12-29T20:52:13 IST" name="tc01_login" finished-at="2020-12-29T20:53:23 IST" duration-ms="70687" status="PASS">
          <reporter-output>
          </reporter-output>
        </test-method> <!-- tc01_login -->
      </class> <!-- saucedemo.tests.LoginTest -->
    </test> <!-- Default test -->
  </suite> <!-- Default suite -->
</testng-results>
